# JRE version: Java(TM) SE Runtime Environment (7.0_79-b15) (build 1.7.0_79-b15)
# Java VM: Java HotSpot(TM) 64-Bit Server VM (24.79-b02 mixed mode windows-amd64 compressed oops)
Heap
 PSYoungGen      total 344576K, used 64611K [0x00000007d5e80000, 0x00000007f6580000, 0x0000000800000000)
  eden space 182272K, 2% used [0x00000007d5e80000,0x00000007d6340c78,0x00000007e1080000)
  from space 162304K, 36% used [0x00000007ec700000,0x00000007f0158020,0x00000007f6580000)
  to   space 174592K, 0% used [0x00000007e1080000,0x00000007e1080000,0x00000007ebb00000)
 ParOldGen       total 443392K, used 336371K [0x0000000781c00000, 0x000000079cd00000, 0x00000007d5e80000)
  object space 443392K, 75% used [0x0000000781c00000,0x000000079647cd38,0x000000079cd00000)
 PSPermGen       total 49664K, used 23678K [0x000000077ca00000, 0x000000077fa80000, 0x0000000781c00000)
  object space 49664K, 47% used [0x000000077ca00000,0x000000077e11f988,0x000000077fa80000)
GC Heap History (10 events):
Event: 21.239 GC heap before
{Heap before GC invocations=17 (full 3):
 PSYoungGen      total 308736K, used 174022K [0x00000007d5e80000, 0x00000007f7480000, 0x0000000800000000)
  eden space 92160K, 100% used [0x00000007d5e80000,0x00000007db880000,0x00000007db880000)
  from space 216576K, 37% used [0x00000007db880000,0x00000007e0871b60,0x00000007e8c00000)
  to   space 210944K, 0% used [0x00000007ea680000,0x00000007ea680000,0x00000007f7480000)
 ParOldGen       total 443392K, used 261963K [0x0000000781c00000, 0x000000079cd00000, 0x00000007d5e80000)
  object space 443392K, 59% used [0x0000000781c00000,0x0000000791bd2d28,0x000000079cd00000)
 PSPermGen       total 49664K, used 23257K [0x000000077ca00000, 0x000000077fa80000, 0x0000000781c00000)
  object space 49664K, 46% used [0x000000077ca00000,0x000000077e0b6738,0x000000077fa80000)
Event: 21.421 GC heap after
Heap after GC invocations=17 (full 3):
 PSYoungGen      total 318464K, used 40000K [0x00000007d5e80000, 0x00000007f6800000, 0x0000000800000000)
  eden space 120320K, 0% used [0x00000007d5e80000,0x00000007d5e80000,0x00000007dd400000)
  from space 198144K, 20% used [0x00000007ea680000,0x00000007ecd90020,0x00000007f6800000)
  to   space 206848K, 0% used [0x00000007dd400000,0x00000007dd400000,0x00000007e9e00000)
 ParOldGen       total 443392K, used 316123K [0x0000000781c00000, 0x000000079cd00000, 0x00000007d5e80000)
  object space 443392K, 71% used [0x0000000781c00000,0x00000007950b6d28,0x000000079cd00000)
 PSPermGen       total 49664K, used 23257K [0x000000077ca00000, 0x000000077fa80000, 0x0000000781c00000)
  object space 49664K, 46% used [0x000000077ca00000,0x000000077e0b6738,0x000000077fa80000)
}
Event: 21.580 GC heap before
{Heap before GC invocations=18 (full 3):
 PSYoungGen      total 318464K, used 160320K [0x00000007d5e80000, 0x00000007f6800000, 0x0000000800000000)
  eden space 120320K, 100% used [0x00000007d5e80000,0x00000007dd400000,0x00000007dd400000)
  from space 198144K, 20% used [0x00000007ea680000,0x00000007ecd90020,0x00000007f6800000)
  to   space 206848K, 0% used [0x00000007dd400000,0x00000007dd400000,0x00000007e9e00000)
 ParOldGen       total 443392K, used 316123K [0x0000000781c00000, 0x000000079cd00000, 0x00000007d5e80000)
  object space 443392K, 71% used [0x0000000781c00000,0x00000007950b6d28,0x000000079cd00000)
 PSPermGen       total 49664K, used 23257K [0x000000077ca00000, 0x000000077fa80000, 0x0000000781c00000)
  object space 49664K, 46% used [0x000000077ca00000,0x000000077e0b6738,0x000000077fa80000)
Event: 21.660 GC heap after
Heap after GC invocations=18 (full 3):
 PSYoungGen      total 327168K, used 47824K [0x00000007d5e80000, 0x00000007f7f00000, 0x0000000800000000)
  eden space 120320K, 0% used [0x00000007d5e80000,0x00000007d5e80000,0x00000007dd400000)
  from space 206848K, 23% used [0x00000007dd400000,0x00000007e02b4010,0x00000007e9e00000)
  to   space 200192K, 0% used [0x00000007ebb80000,0x00000007ebb80000,0x00000007f7f00000)
 ParOldGen       total 443392K, used 323907K [0x0000000781c00000, 0x000000079cd00000, 0x00000007d5e80000)
  object space 443392K, 73% used [0x0000000781c00000,0x0000000795850d38,0x000000079cd00000)
 PSPermGen       total 49664K, used 23257K [0x000000077ca00000, 0x000000077fa80000, 0x0000000781c00000)
  object space 49664K, 46% used [0x000000077ca00000,0x000000077e0b6738,0x000000077fa80000)
}
Event: 21.825 GC heap before
{Heap before GC invocations=19 (full 3):
 PSYoungGen      total 327168K, used 168144K [0x00000007d5e80000, 0x00000007f7f00000, 0x0000000800000000)
  eden space 120320K, 100% used [0x00000007d5e80000,0x00000007dd400000,0x00000007dd400000)
  from space 206848K, 23% used [0x00000007dd400000,0x00000007e02b4010,0x00000007e9e00000)
  to   space 200192K, 0% used [0x00000007ebb80000,0x00000007ebb80000,0x00000007f7f00000)
 ParOldGen       total 443392K, used 323907K [0x0000000781c00000, 0x000000079cd00000, 0x00000007d5e80000)
  object space 443392K, 73% used [0x0000000781c00000,0x0000000795850d38,0x000000079cd00000)
 PSPermGen       total 49664K, used 23257K [0x000000077ca00000, 0x000000077fa80000, 0x0000000781c00000)
  object space 49664K, 46% used [0x000000077ca00000,0x000000077e0b6738,0x000000077fa80000)
Event: 21.938 GC heap after
Heap after GC invocations=19 (full 3):
 PSYoungGen      total 340992K, used 57552K [0x00000007d5e80000, 0x00000007f6e80000, 0x0000000800000000)
  eden space 157696K, 0% used [0x00000007d5e80000,0x00000007d5e80000,0x00000007df880000)
  from space 183296K, 31% used [0x00000007ebb80000,0x00000007ef3b4010,0x00000007f6e80000)
  to   space 191488K, 0% used [0x00000007df880000,0x00000007df880000,0x00000007eb380000)
 ParOldGen       total 443392K, used 329787K [0x0000000781c00000, 0x000000079cd00000, 0x00000007d5e80000)
  object space 443392K, 74% used [0x0000000781c00000,0x0000000795e0ed38,0x000000079cd00000)
 PSPermGen       total 49664K, used 23257K [0x000000077ca00000, 0x000000077fa80000, 0x0000000781c00000)
  object space 49664K, 46% used [0x000000077ca00000,0x000000077e0b6738,0x000000077fa80000)
}
Event: 26.030 GC heap before
{Heap before GC invocations=20 (full 3):
 PSYoungGen      total 340992K, used 215248K [0x00000007d5e80000, 0x00000007f6e80000, 0x0000000800000000)
  eden space 157696K, 100% used [0x00000007d5e80000,0x00000007df880000,0x00000007df880000)
  from space 183296K, 31% used [0x00000007ebb80000,0x00000007ef3b4010,0x00000007f6e80000)
  to   space 191488K, 0% used [0x00000007df880000,0x00000007df880000,0x00000007eb380000)
 ParOldGen       total 443392K, used 329787K [0x0000000781c00000, 0x000000079cd00000, 0x00000007d5e80000)
  object space 443392K, 74% used [0x0000000781c00000,0x0000000795e0ed38,0x000000079cd00000)
 PSPermGen       total 49664K, used 23383K [0x000000077ca00000, 0x000000077fa80000, 0x0000000781c00000)
  object space 49664K, 47% used [0x000000077ca00000,0x000000077e0d5e88,0x000000077fa80000)
Event: 26.152 GC heap after
Heap after GC invocations=20 (full 3):
 PSYoungGen      total 349184K, used 60400K [0x00000007d5e80000, 0x00000007f7980000, 0x0000000800000000)
  eden space 157696K, 0% used [0x00000007d5e80000,0x00000007d5e80000,0x00000007df880000)
  from space 191488K, 31% used [0x00000007df880000,0x00000007e337c030,0x00000007eb380000)
  to   space 182784K, 0% used [0x00000007ec700000,0x00000007ec700000,0x00000007f7980000)
 ParOldGen       total 443392K, used 336371K [0x0000000781c00000, 0x000000079cd00000, 0x00000007d5e80000)
  object space 443392K, 75% used [0x0000000781c00000,0x000000079647cd38,0x000000079cd00000)
 PSPermGen       total 49664K, used 23383K [0x000000077ca00000, 0x000000077fa80000, 0x0000000781c00000)
  object space 49664K, 47% used [0x000000077ca00000,0x000000077e0d5e88,0x000000077fa80000)
}
Event: 43.428 GC heap before
{Heap before GC invocations=21 (full 3):
 PSYoungGen      total 349184K, used 218096K [0x00000007d5e80000, 0x00000007f7980000, 0x0000000800000000)
  eden space 157696K, 100% used [0x00000007d5e80000,0x00000007df880000,0x00000007df880000)
  from space 191488K, 31% used [0x00000007df880000,0x00000007e337c030,0x00000007eb380000)
  to   space 182784K, 0% used [0x00000007ec700000,0x00000007ec700000,0x00000007f7980000)
 ParOldGen       total 443392K, used 336371K [0x0000000781c00000, 0x000000079cd00000, 0x00000007d5e80000)
  object space 443392K, 75% used [0x0000000781c00000,0x000000079647cd38,0x000000079cd00000)
 PSPermGen       total 49664K, used 23676K [0x000000077ca00000, 0x000000077fa80000, 0x0000000781c00000)
  object space 49664K, 47% used [0x000000077ca00000,0x000000077e11f1a8,0x000000077fa80000)
Event: 43.547 GC heap after
Heap after GC invocations=21 (full 3):
 PSYoungGen      total 344576K, used 59744K [0x00000007d5e80000, 0x00000007f6580000, 0x0000000800000000)
  eden space 182272K, 0% used [0x00000007d5e80000,0x00000007d5e80000,0x00000007e1080000)
  from space 162304K, 36% used [0x00000007ec700000,0x00000007f0158020,0x00000007f6580000)
  to   space 174592K, 0% used [0x00000007e1080000,0x00000007e1080000,0x00000007ebb00000)
 ParOldGen       total 443392K, used 336371K [0x0000000781c00000, 0x000000079cd00000, 0x00000007d5e80000)
  object space 443392K, 75% used [0x0000000781c00000,0x000000079647cd38,0x000000079cd00000)
 PSPermGen       total 49664K, used 23676K [0x000000077ca00000, 0x000000077fa80000, 0x0000000781c00000)
  object space 49664K, 47% used [0x000000077ca00000,0x000000077e11f1a8,0x000000077fa80000)
}

